2024-09-20 13:00:47,362 INFO o.a.j.u.JMeterUtils: Setting Locale to en_EN
2024-09-20 13:00:47,374 INFO o.a.j.JMeter: Loading user properties from: user.properties
2024-09-20 13:00:47,375 INFO o.a.j.JMeter: Loading system properties from: system.properties
2024-09-20 13:00:47,381 INFO o.a.j.JMeter: Copyright (c) 1998-2021 The Apache Software Foundation
2024-09-20 13:00:47,381 INFO o.a.j.JMeter: Version 5.4.3
2024-09-20 13:00:47,382 INFO o.a.j.JMeter: java.version=1.8.0_162
2024-09-20 13:00:47,382 INFO o.a.j.JMeter: java.vm.name=Java HotSpot(TM) 64-Bit Server VM
2024-09-20 13:00:47,382 INFO o.a.j.JMeter: os.name=Windows 10
2024-09-20 13:00:47,382 INFO o.a.j.JMeter: os.arch=amd64
2024-09-20 13:00:47,382 INFO o.a.j.JMeter: os.version=10.0
2024-09-20 13:00:47,382 INFO o.a.j.JMeter: file.encoding=Cp1252
2024-09-20 13:00:47,382 INFO o.a.j.JMeter: java.awt.headless=true
2024-09-20 13:00:47,382 INFO o.a.j.JMeter: Max memory     =1073741824
2024-09-20 13:00:47,382 INFO o.a.j.JMeter: Available Processors =8
2024-09-20 13:00:47,388 INFO o.a.j.JMeter: Default Locale=English (EN)
2024-09-20 13:00:47,388 INFO o.a.j.JMeter: JMeter  Locale=English (EN)
2024-09-20 13:00:47,388 INFO o.a.j.JMeter: JMeterHome=C:\apache-jmeter-5.4.3
2024-09-20 13:00:47,388 INFO o.a.j.JMeter: user.dir  =C:\apache-jmeter-5.4.3\bin
2024-09-20 13:00:47,389 INFO o.a.j.JMeter: PWD       =C:\apache-jmeter-5.4.3\bin
2024-09-20 13:00:47,392 INFO o.a.j.JMeter: IP: 192.168.29.49 Name: PC-5CG10332DB FullName: PC-5CG10332DB
2024-09-20 13:00:47,396 INFO o.a.j.s.FileServer: Default base='C:\apache-jmeter-5.4.3\bin'
2024-09-20 13:00:47,397 INFO o.a.j.s.FileServer: Set new base='C:\apache-jmeter-5.4.3\bin'
2024-09-20 13:00:47,494 INFO o.a.j.s.SaveService: Testplan (JMX) version: 2.2. Testlog (JTL) version: 2.2
2024-09-20 13:00:47,505 INFO o.a.j.s.SaveService: Using SaveService properties file encoding UTF-8
2024-09-20 13:00:47,509 INFO o.a.j.s.SaveService: Using SaveService properties version 5.0
2024-09-20 13:00:47,513 INFO o.a.j.s.SaveService: Loading file: C:\apache-jmeter-5.4.3\bin\Sample_Script.jmx
2024-09-20 13:00:47,543 INFO o.a.j.p.h.c.CookieManager: Settings: Delete null: true Check: true Allow variable: true Save: false Prefix: COOKIE_
2024-09-20 13:00:47,546 INFO o.a.j.p.h.c.CacheManager: Will only cache the following methods: [GET]
2024-09-20 13:00:47,562 INFO o.a.j.p.h.s.HTTPSamplerBase: Parser for text/html is org.apache.jmeter.protocol.http.parser.LagartoBasedHtmlParser
2024-09-20 13:00:47,563 INFO o.a.j.p.h.s.HTTPSamplerBase: Parser for application/xhtml+xml is org.apache.jmeter.protocol.http.parser.LagartoBasedHtmlParser
2024-09-20 13:00:47,563 INFO o.a.j.p.h.s.HTTPSamplerBase: Parser for application/xml is org.apache.jmeter.protocol.http.parser.LagartoBasedHtmlParser
2024-09-20 13:00:47,563 INFO o.a.j.p.h.s.HTTPSamplerBase: Parser for text/xml is org.apache.jmeter.protocol.http.parser.LagartoBasedHtmlParser
2024-09-20 13:00:47,563 INFO o.a.j.p.h.s.HTTPSamplerBase: Parser for text/vnd.wap.wml is org.apache.jmeter.protocol.http.parser.RegexpHTMLParser
2024-09-20 13:00:47,563 INFO o.a.j.p.h.s.HTTPSamplerBase: Parser for text/css is org.apache.jmeter.protocol.http.parser.CssParser
2024-09-20 13:00:47,673 INFO o.a.j.JMeter: Creating summariser <summary>
2024-09-20 13:00:47,679 INFO o.a.j.e.StandardJMeterEngine: Running the test!
2024-09-20 13:00:47,679 INFO o.a.j.s.SampleEvent: List of sample_variables: []
2024-09-20 13:00:47,679 INFO o.a.j.s.SampleEvent: List of sample_variables: []
2024-09-20 13:00:47,685 INFO o.a.j.e.u.CompoundVariable: Note: Function class names must contain the string: '.functions.'
2024-09-20 13:00:47,685 INFO o.a.j.e.u.CompoundVariable: Note: Function class names must not contain the string: '.gui.'
2024-09-20 13:00:47,958 INFO o.a.j.JMeter: Running test (1726817447958)
2024-09-20 13:00:47,996 INFO o.a.j.e.StandardJMeterEngine: Starting ThreadGroup: 1 : Thread Group
2024-09-20 13:00:47,996 INFO o.a.j.e.StandardJMeterEngine: Starting 5 threads for group Thread Group.
2024-09-20 13:00:47,996 INFO o.a.j.e.StandardJMeterEngine: Thread will start next loop on error
2024-09-20 13:00:47,997 INFO o.a.j.t.ThreadGroup: Starting thread group... number=1 threads=5 ramp-up=15 delayedStart=false
2024-09-20 13:00:48,005 INFO o.a.j.s.SampleResult: Note: Sample TimeStamps are START times
2024-09-20 13:00:48,005 INFO o.a.j.s.SampleResult: sampleresult.default.encoding is set to ISO-8859-1
2024-09-20 13:00:48,005 INFO o.a.j.s.SampleResult: sampleresult.useNanoTime=true
2024-09-20 13:00:48,005 INFO o.a.j.s.SampleResult: sampleresult.nanoThreadSleep=5000
2024-09-20 13:00:48,009 INFO o.a.j.t.JMeterThread: Thread started: Thread Group 1-1
2024-09-20 13:00:48,015 INFO o.a.j.t.ThreadGroup: Started thread group number 1
2024-09-20 13:00:48,015 INFO o.a.j.e.StandardJMeterEngine: All thread groups have been started
2024-09-20 13:00:48,030 INFO o.a.j.p.h.s.HTTPHCAbstractImpl: Local host = PC-5CG10332DB
2024-09-20 13:00:48,036 INFO o.a.j.p.h.s.HTTPHC4Impl: HTTP request retry count = 0
2024-09-20 13:00:48,099 INFO o.a.j.p.h.s.h.LazyLayeredConnectionSocketFactory: Setting up HTTPS TrustAll Socket Factory
2024-09-20 13:00:48,104 INFO o.a.j.u.JsseSSLManager: Using default SSL protocol: TLS
2024-09-20 13:00:48,104 INFO o.a.j.u.JsseSSLManager: SSL session context: per-thread
2024-09-20 13:00:48,693 INFO o.a.j.u.SSLManager: JmeterKeyStore Location:  type JKS
2024-09-20 13:00:48,694 INFO o.a.j.u.SSLManager: KeyStore created OK
2024-09-20 13:00:48,694 WARN o.a.j.u.SSLManager: Keystore file not found, loading empty keystore
2024-09-20 13:00:51,003 INFO o.a.j.t.JMeterThread: Thread started: Thread Group 1-2
2024-09-20 13:00:54,002 INFO o.a.j.t.JMeterThread: Thread started: Thread Group 1-3
2024-09-20 13:00:57,003 INFO o.a.j.t.JMeterThread: Thread started: Thread Group 1-4
2024-09-20 13:01:00,003 INFO o.a.j.t.JMeterThread: Thread started: Thread Group 1-5
2024-09-20 13:01:17,898 INFO o.a.j.t.JMeterThread: Thread is done: Thread Group 1-3
2024-09-20 13:01:17,898 INFO o.a.j.t.JMeterThread: Thread finished: Thread Group 1-3
2024-09-20 13:01:19,630 INFO o.a.j.t.JMeterThread: Thread is done: Thread Group 1-1
2024-09-20 13:01:19,630 INFO o.a.j.t.JMeterThread: Thread finished: Thread Group 1-1
2024-09-20 13:01:20,208 INFO o.a.j.t.JMeterThread: Thread is done: Thread Group 1-4
2024-09-20 13:01:20,208 INFO o.a.j.t.JMeterThread: Thread finished: Thread Group 1-4
2024-09-20 13:01:23,986 INFO o.a.j.t.JMeterThread: Thread is done: Thread Group 1-2
2024-09-20 13:01:23,986 INFO o.a.j.t.JMeterThread: Thread finished: Thread Group 1-2
2024-09-20 13:01:30,210 INFO o.a.j.t.JMeterThread: Thread is done: Thread Group 1-5
2024-09-20 13:01:30,210 INFO o.a.j.t.JMeterThread: Thread finished: Thread Group 1-5
2024-09-20 13:01:30,211 INFO o.a.j.e.StandardJMeterEngine: Notifying test listeners of end of test
2024-09-20 13:01:30,216 INFO o.a.j.r.Summariser: summary =      0 in 00:00:00 = ******/s Avg:     0 Min: 9223372036854775807 Max: -9223372036854775808 Err:     0 (0.00%)
